hanumanChalisaWithAudioAndAlarm/build/intermediates/manifest_merge_blame_file/debug/manifest-merger-blame-debug-report.txt
1<?xml version="1.0" encoding="utf-8"?>
2<manifest xmlns:android="http://schemas.android.com/apk/res/android"
3    package="com.dzo.HanumanChalisaWithAudioAndAlarm"
4    android:installLocation="auto"
5    android:versionCode="11"
6    android:versionName="1.3.7" >
7
8    <uses-sdk
9        android:minSdkVersion="19"
9-->src\main\AndroidManifest.xml
10        android:targetSdkVersion="28" />
10-->src\main\AndroidManifest.xml
11
12    <uses-permission android:name="android.permission.WAKE_LOCK" />
12-->src\main\AndroidManifest.xml:7:5-68
12-->src\main\AndroidManifest.xml:7:22-65
13    <uses-permission android:name="android.permission.READ_CONTACTS" />
13-->src\main\AndroidManifest.xml:8:5-72
13-->src\main\AndroidManifest.xml:8:22-69
14    <uses-permission android:name="android.permission.WRITE_CONTACTS" />
14-->src\main\AndroidManifest.xml:9:5-73
14-->src\main\AndroidManifest.xml:9:22-70
15    <uses-permission android:name="android.permission.READ_PHONE_STATE" />
15-->src\main\AndroidManifest.xml:10:5-75
15-->src\main\AndroidManifest.xml:10:22-72
16    <uses-permission android:name="android.permission.RECEIVE_BOOT_COMPLETED" />
16-->src\main\AndroidManifest.xml:11:5-81
16-->src\main\AndroidManifest.xml:11:22-78
17    <uses-permission android:name="android.permission.INTERNET" />
17-->src\main\AndroidManifest.xml:12:5-67
17-->src\main\AndroidManifest.xml:12:22-64
18    <uses-permission android:name="android.permission.WAKE_LOCK" />
18-->src\main\AndroidManifest.xml:7:5-68
18-->src\main\AndroidManifest.xml:7:22-65
19    <uses-permission android:name="com.google.android.c2dm.permission.RECEIVE" />
19-->src\main\AndroidManifest.xml:14:5-82
19-->src\main\AndroidManifest.xml:14:22-79
20    <uses-permission android:name="com.android.vending.CHECK_LICENSE" />
20-->src\main\AndroidManifest.xml:15:5-73
20-->src\main\AndroidManifest.xml:15:22-70
21    <uses-permission android:name="android.permission.WRITE_EXTERNAL_STORAGE" />
21-->src\main\AndroidManifest.xml:16:5-81
21-->src\main\AndroidManifest.xml:16:22-78
22    <uses-permission android:name="android.permission.ACCESS_WIFI_STATE" />
22-->src\main\AndroidManifest.xml:17:5-76
22-->src\main\AndroidManifest.xml:17:22-73
23    <uses-permission android:name="android.permission.ACCESS_NETWORK_STATE" />
23-->src\main\AndroidManifest.xml:18:5-79
23-->src\main\AndroidManifest.xml:18:22-76
24    <uses-permission android:name="android.permission.READ_SYNC_STATS" />
24-->src\main\AndroidManifest.xml:19:5-74
24-->src\main\AndroidManifest.xml:19:22-71
25    <uses-permission android:name="android.permission.READ_SYNC_SETTINGS" />
25-->src\main\AndroidManifest.xml:20:5-77
25-->src\main\AndroidManifest.xml:20:22-74
26    <uses-permission android:name="android.permission.WRITE_SYNC_SETTINGS" />
26-->src\main\AndroidManifest.xml:21:5-78
26-->src\main\AndroidManifest.xml:21:22-75
27    <uses-permission android:name="android.permission.AUTHENTICATE_ACCOUNTS" />
27-->src\main\AndroidManifest.xml:22:5-80
27-->src\main\AndroidManifest.xml:22:22-77
28    <!-- <uses-permission android:name="android.permission.INTERACT_ACROSS_USERS_FULL"/> -->
29
30
31    <!-- Reminder -->
32
33    <uses-permission android:name="android.permission.READ_CALENDAR" />
33-->src\main\AndroidManifest.xml:28:5-72
33-->src\main\AndroidManifest.xml:28:22-69
34    <uses-permission android:name="android.permission.WRITE_CALENDAR" />
34-->src\main\AndroidManifest.xml:29:5-73
34-->src\main\AndroidManifest.xml:29:22-70
35    <!-- Reminder -->
36    <supports-screens
36-->src\main\AndroidManifest.xml:31:5-37:11
37        android:anyDensity="true"
37-->src\main\AndroidManifest.xml:32:9-34
38        android:largeScreens="true"
38-->src\main\AndroidManifest.xml:33:9-36
39        android:normalScreens="true"
39-->src\main\AndroidManifest.xml:34:9-37
40        android:smallScreens="true"
40-->src\main\AndroidManifest.xml:35:9-36
41        android:xlargeScreens="true" />
41-->src\main\AndroidManifest.xml:36:9-37
42
43    <uses-permission android:name="android.permission.READ_EXTERNAL_STORAGE" />
43-->src\main\AndroidManifest.xml:39:5-80
43-->src\main\AndroidManifest.xml:39:22-77
44    <uses-permission android:name="com.google.android.finsky.permission.BIND_GET_INSTALL_REFERRER_SERVICE" />
44-->[com.google.android.gms:play-services-measurement:16.4.0] AndroidManifest.xml:26:5-110
44-->[com.google.android.gms:play-services-measurement:16.4.0] AndroidManifest.xml:26:22-107
45
46    <application
46-->src\main\AndroidManifest.xml:41:5-221:19
47        android:name="com.dzo.HanumanChalisaWithAudioAndAlarm.application.DzoHanumanApplication"
47-->src\main\AndroidManifest.xml:42:9-58
48        android:allowBackup="true"
48-->[:caldroidLibrary] AndroidManifest.xml:12:9-35
49        android:appComponentFactory="android.support.v4.app.CoreComponentFactory"
49-->[com.android.support:support-compat:28.0.0] AndroidManifest.xml:22:18-91
50        android:debuggable="true"
51        android:icon="@drawable/icon"
51-->src\main\AndroidManifest.xml:43:9-38
52        android:label="@string/app_name"
52-->src\main\AndroidManifest.xml:44:9-41
53        android:protectionLevel="signature"
53-->src\main\AndroidManifest.xml:45:9-44
54        android:testOnly="true"
55        android:theme="@style/AppTheme.NoActionBar" >
55-->src\main\AndroidManifest.xml:46:9-52
56        <activity
56-->src\main\AndroidManifest.xml:48:9-57:20
57            android:name="com.dzo.HanumanChalisaWithAudioAndAlarm.SplashActivity"
57-->src\main\AndroidManifest.xml:49:13-43
58            android:label="@string/app_name"
58-->src\main\AndroidManifest.xml:50:13-45
59            android:screenOrientation="portrait" >
59-->src\main\AndroidManifest.xml:51:13-49
60            <intent-filter>
60-->src\main\AndroidManifest.xml:52:13-56:29
61                <action android:name="android.intent.action.MAIN" />
61-->src\main\AndroidManifest.xml:53:17-69
61-->src\main\AndroidManifest.xml:53:25-66
62
63                <category android:name="android.intent.category.LAUNCHER" />
63-->src\main\AndroidManifest.xml:55:17-77
63-->src\main\AndroidManifest.xml:55:27-74
64            </intent-filter>
65        </activity>
66        <activity
66-->src\main\AndroidManifest.xml:58:9-61:15
67            android:name="com.dzo.HanumanChalisaWithAudioAndAlarm.StartManualActivity"
67-->src\main\AndroidManifest.xml:59:13-48
68            android:screenOrientation="portrait" />
68-->src\main\AndroidManifest.xml:60:13-49
69        <activity
69-->src\main\AndroidManifest.xml:62:9-64:52
70            android:name="com.dzo.HanumanChalisaWithAudioAndAlarm.English"
70-->src\main\AndroidManifest.xml:63:13-36
71            android:screenOrientation="portrait" />
71-->src\main\AndroidManifest.xml:64:13-49
72        <activity
72-->src\main\AndroidManifest.xml:65:9-67:52
73            android:name="com.dzo.HanumanChalisaWithAudioAndAlarm.BaseActivity"
73-->src\main\AndroidManifest.xml:66:13-41
74            android:screenOrientation="portrait" />
74-->src\main\AndroidManifest.xml:67:13-49
75        <activity
75-->src\main\AndroidManifest.xml:68:9-71:15
76            android:name="com.dzo.HanumanChalisaWithAudioAndAlarm.About"
76-->src\main\AndroidManifest.xml:69:13-34
77            android:screenOrientation="portrait" />
77-->src\main\AndroidManifest.xml:70:13-49
78        <activity
78-->src\main\AndroidManifest.xml:72:9-74:52
79            android:name="com.dzo.HanumanChalisaWithAudioAndAlarm.HanuAlarm"
79-->src\main\AndroidManifest.xml:73:13-38
80            android:screenOrientation="portrait" />
80-->src\main\AndroidManifest.xml:74:13-49
81        <activity
81-->src\main\AndroidManifest.xml:75:9-78:64
82            android:name="com.dzo.HanumanChalisaWithAudioAndAlarm.SnoozeActivity"
82-->src\main\AndroidManifest.xml:76:13-43
83            android:screenOrientation="portrait"
83-->src\main\AndroidManifest.xml:77:13-49
84            android:theme="@android:style/Theme.Translucent" />
84-->src\main\AndroidManifest.xml:78:13-61
85        <activity
85-->src\main\AndroidManifest.xml:79:9-81:52
86            android:name="com.dzo.HanumanChalisaWithAudioAndAlarm.MultipleAlarmActivity"
86-->src\main\AndroidManifest.xml:80:13-50
87            android:screenOrientation="portrait" />
87-->src\main\AndroidManifest.xml:81:13-49
88        <activity
88-->src\main\AndroidManifest.xml:82:9-89:20
89            android:name="com.dzo.HanumanChalisaWithAudioAndAlarm.SetAlarmActivity"
89-->src\main\AndroidManifest.xml:83:13-45
90            android:parentActivityName="com.dzo.HanumanChalisaWithAudioAndAlarm.MultipleAlarmActivity"
90-->src\main\AndroidManifest.xml:85:13-64
91            android:screenOrientation="portrait" >
91-->src\main\AndroidManifest.xml:84:13-49
92            <meta-data
92-->src\main\AndroidManifest.xml:86:13-88:57
93                android:name="android.support.PARENT_ACTIVITY"
93-->src\main\AndroidManifest.xml:87:17-63
94                android:value=".MultipleAlarmActivity" />
94-->src\main\AndroidManifest.xml:88:17-55
95        </activity>
96        <activity
96-->src\main\AndroidManifest.xml:90:9-95:20
97            android:name="com.dzo.HanumanChalisaWithAudioAndAlarm.AlarmTimeDetail"
97-->src\main\AndroidManifest.xml:91:13-44
98            android:screenOrientation="portrait" >
98-->src\main\AndroidManifest.xml:92:13-49
99        </activity>
100        <activity
100-->src\main\AndroidManifest.xml:97:9-99:52
101            android:name="com.dzo.HanumanChalisaWithAudioAndAlarm.Feedback"
101-->src\main\AndroidManifest.xml:98:13-37
102            android:screenOrientation="portrait" />
102-->src\main\AndroidManifest.xml:99:13-49
103        <activity android:name="com.dzo.HanumanChalisaWithAudioAndAlarm.Play" />
103-->src\main\AndroidManifest.xml:100:9-42
103-->src\main\AndroidManifest.xml:100:19-39
104        <activity android:name="com.dzo.HanumanChalisaWithAudioAndAlarm.FestivalCalendarActivity" />
104-->src\main\AndroidManifest.xml:101:9-62
104-->src\main\AndroidManifest.xml:101:19-59
105
106        <!--
107        <receiver
108            android:name=".GcmBroadcastReceiver"
109            android:permission="com.google.android.c2dm.permission.SEND"
110            android:process=":remote">
111            <intent-filter>
112                <action android:name="com.google.android.c2dm.intent.RECEIVE" />
113
114                <category android:name="com.dzo.HanumanChalisaWithAudioAndAlarm" />
115            </intent-filter>
116        </receiver>
117
118        <service android:name=".GcmIntentService" />
119        -->
120
121        <receiver
121-->src\main\AndroidManifest.xml:118:9-121:20
122            android:name="com.dzo.HanumanChalisaWithAudioAndAlarm.NotificatioAlarmReceiver"
122-->src\main\AndroidManifest.xml:118:19-98
123            android:enabled="true"
123-->src\main\AndroidManifest.xml:119:13-35
124            android:exported="false" >
124-->src\main\AndroidManifest.xml:120:13-37
125        </receiver>
126        <receiver
126-->src\main\AndroidManifest.xml:123:9-130:20
127            android:name="com.dzo.HanumanChalisaWithAudioAndAlarm.receiver.AlarmReceiver"
127-->src\main\AndroidManifest.xml:124:13-51
128            android:enabled="true"
128-->src\main\AndroidManifest.xml:125:13-35
129            android:exported="false" >
129-->src\main\AndroidManifest.xml:126:13-37
130            <intent-filter>
130-->src\main\AndroidManifest.xml:127:13-129:29
131                <action android:name="com.dzo.HanumanChalisaWithAudioAndAlarm.RECEIVEALARM" />
131-->src\main\AndroidManifest.xml:128:17-95
131-->src\main\AndroidManifest.xml:128:25-92
132            </intent-filter>
133        </receiver>
134        <receiver
134-->src\main\AndroidManifest.xml:131:9-138:20
135            android:name="com.dzo.HanumanChalisaWithAudioAndAlarm.receiver.BootCompleteReceiver"
135-->src\main\AndroidManifest.xml:132:13-58
136            android:enabled="true"
136-->src\main\AndroidManifest.xml:133:13-35
137            android:exported="false" >
137-->src\main\AndroidManifest.xml:134:13-37
138            <intent-filter>
138-->src\main\AndroidManifest.xml:135:13-137:29
139                <action android:name="android.intent.action.BOOT_COMPLETED" />
139-->src\main\AndroidManifest.xml:136:17-79
139-->src\main\AndroidManifest.xml:136:25-76
140            </intent-filter>
141        </receiver>
142
143        <!-- Content provider to hold data for calendar -->
144        <provider
144-->src\main\AndroidManifest.xml:141:9-144:40
145            android:name="com.dzo.HanumanChalisaWithAudioAndAlarm.contentprovider.FestivalCalendarProvider"
145-->src\main\AndroidManifest.xml:142:13-69
146            android:authorities="com.dzo.HanumanChalisaWithAudioAndAlarm.contentprovider.FESTIVAL_CONTENT_PROVIDER"
146-->src\main\AndroidManifest.xml:143:13-116
147            android:exported="false" />
147-->src\main\AndroidManifest.xml:144:13-37
148
149        <service
149-->src\main\AndroidManifest.xml:146:9-164:19
150            android:name="com.dzo.HanumanChalisaWithAudioAndAlarm.calendarsync.SyncService"
150-->src\main\AndroidManifest.xml:147:13-53
151            android:exported="false" >
151-->src\main\AndroidManifest.xml:148:13-37
152
153            <!--
154            This intent filter is required. It allows the system to launch our sync service
155            as needed.
156            -->
157            <intent-filter>
157-->src\main\AndroidManifest.xml:154:13-156:29
158                <action android:name="android.content.SyncAdapter" />
158-->src\main\AndroidManifest.xml:155:17-70
158-->src\main\AndroidManifest.xml:155:25-67
159            </intent-filter>
160            <intent-filter>
160-->src\main\AndroidManifest.xml:157:13-159:29
161                <action android:name="com.google.android.c2dm.intent.REGISTRATION" />
161-->src\main\AndroidManifest.xml:158:17-86
161-->src\main\AndroidManifest.xml:158:25-83
162            </intent-filter>
163            <!-- This points to a required XML file which describes our SyncAdapter. -->
164            <meta-data
164-->src\main\AndroidManifest.xml:161:13-163:55
165                android:name="android.content.SyncAdapter"
165-->src\main\AndroidManifest.xml:162:17-59
166                android:resource="@xml/syncadapter" />
166-->src\main\AndroidManifest.xml:163:17-52
167        </service>
168
169        <!--
170        This implements the account we'll use as an attachment point for our SyncAdapter. Since
171        our SyncAdapter doesn't need to authenticate the current user (it just fetches a public RSS
172        feed), this account's implementation is largely empty.
173
174        It's also possible to attach a SyncAdapter to an existing account provided by another
175        package. In that case, this element could be omitted here.
176        -->
177        <service
177-->src\main\AndroidManifest.xml:174:9-187:19
178            android:name="com.dzo.HanumanChalisaWithAudioAndAlarm.account.GenericAccountService"
178-->src\main\AndroidManifest.xml:175:13-58
179            android:exported="false" > <!-- Required filter used by the system to launch our account service. -->
179-->src\main\AndroidManifest.xml:176:13-37
180            <intent-filter>
180-->src\main\AndroidManifest.xml:177:13-179:29
181                <action android:name="android.accounts.AccountAuthenticator" />
181-->src\main\AndroidManifest.xml:178:17-80
181-->src\main\AndroidManifest.xml:178:25-77
182            </intent-filter>
183            <intent-filter>
183-->src\main\AndroidManifest.xml:157:13-159:29
184                <action android:name="com.google.android.c2dm.intent.REGISTRATION" />
184-->src\main\AndroidManifest.xml:158:17-86
184-->src\main\AndroidManifest.xml:158:25-83
185            </intent-filter>
186            <!-- This points to an XMLf ile which describes our account service. -->
187            <meta-data
187-->src\main\AndroidManifest.xml:184:13-186:57
188                android:name="android.accounts.AccountAuthenticator"
188-->src\main\AndroidManifest.xml:185:17-69
189                android:resource="@xml/authenticator" />
189-->src\main\AndroidManifest.xml:186:17-54
190        </service>
191        <service
191-->src\main\AndroidManifest.xml:188:9-203:19
192            android:name="com.dzo.HanumanChalisaWithAudioAndAlarm.firebase.FirebaseNotificationService"
192-->src\main\AndroidManifest.xml:188:18-70
193            android:exported="false" >
193-->src\main\AndroidManifest.xml:189:13-37
194            <intent-filter>
194-->src\main\AndroidManifest.xml:191:13-193:29
195                <action android:name="com.google.firebase.MESSAGING_EVENT" />
195-->src\main\AndroidManifest.xml:192:17-78
195-->src\main\AndroidManifest.xml:192:25-75
196            </intent-filter>
197
198            <meta-data
198-->src\main\AndroidManifest.xml:194:13-196:62
199                android:name="com.google.firebase.messaging.default_notification_icon"
199-->src\main\AndroidManifest.xml:195:17-87
200                android:resource="@drawable/ic_small_icon" />
200-->src\main\AndroidManifest.xml:196:17-59
201            <meta-data
201-->src\main\AndroidManifest.xml:197:13-199:56
202                android:name="com.google.firebase.messaging.default_notification_color"
202-->src\main\AndroidManifest.xml:198:17-88
203                android:resource="@color/orangedark" />
203-->src\main\AndroidManifest.xml:199:17-53
204            <meta-data
204-->src\main\AndroidManifest.xml:200:13-202:54
205                android:name="com.google.firebase.messaging.default_notification_channel_id"
205-->src\main\AndroidManifest.xml:201:17-93
206                android:value="hanuman_chalisa001" />
206-->src\main\AndroidManifest.xml:202:17-51
207        </service>
208        <service android:name="com.dzo.HanumanChalisaWithAudioAndAlarm.ChalisaService" />
208-->src\main\AndroidManifest.xml:204:9-51
208-->src\main\AndroidManifest.xml:204:18-48
209        <service android:name="com.dzo.HanumanChalisaWithAudioAndAlarm.NotificationService" />
209-->src\main\AndroidManifest.xml:205:9-56
209-->src\main\AndroidManifest.xml:205:18-53
210
211        <activity
211-->src\main\AndroidManifest.xml:207:9-215:20
212            android:name="com.dzo.HanumanChalisaWithAudioAndAlarm.Home"
212-->src\main\AndroidManifest.xml:208:13-33
213            android:screenOrientation="portrait" >
213-->src\main\AndroidManifest.xml:209:13-49
214            <intent-filter>
214-->src\main\AndroidManifest.xml:210:13-214:29
215                <action android:name="android.intent.action.VIEW" />
215-->src\main\AndroidManifest.xml:211:17-69
215-->src\main\AndroidManifest.xml:211:25-66
216
217                <category android:name="android.intent.category.DEFAULT" />
217-->src\main\AndroidManifest.xml:213:17-76
217-->src\main\AndroidManifest.xml:213:27-73
218            </intent-filter>
219        </activity>
220        <activity
220-->src\main\AndroidManifest.xml:216:9-219:15
221            android:name="com.dzo.HanumanChalisaWithAudioAndAlarm.BottomNav"
221-->src\main\AndroidManifest.xml:217:13-38
222            android:label="" />
222-->src\main\AndroidManifest.xml:218:13-29
223        <activity android:name="com.dzo.HanumanChalisaWithAudioAndAlarm.Loading" />
223-->src\main\AndroidManifest.xml:220:9-54
223-->src\main\AndroidManifest.xml:220:19-42
224        <!--
225             FirebaseMessagingService performs security checks at runtime,
226             but set to not exported to explicitly avoid allowing another app to call it.
227        -->
228        <service
228-->[com.google.firebase:firebase-messaging:17.5.0] AndroidManifest.xml:28:9-34:19
229            android:name="com.google.firebase.messaging.FirebaseMessagingService"
229-->[com.google.firebase:firebase-messaging:17.5.0] AndroidManifest.xml:29:13-82
230            android:exported="true" >
230-->[com.google.firebase:firebase-messaging:17.5.0] AndroidManifest.xml:30:13-36
231            <intent-filter android:priority="-500" >
231-->src\main\AndroidManifest.xml:191:13-193:29
232                <action android:name="com.google.firebase.MESSAGING_EVENT" />
232-->src\main\AndroidManifest.xml:192:17-78
232-->src\main\AndroidManifest.xml:192:25-75
233            </intent-filter>
234        </service>
235        <service
235-->[com.google.android.gms:play-services-measurement-api:16.4.0] AndroidManifest.xml:27:9-33:19
236            android:name="com.google.firebase.components.ComponentDiscoveryService"
236-->[com.google.android.gms:play-services-measurement-api:16.4.0] AndroidManifest.xml:28:13-84
237            android:exported="false" >
237-->[com.google.android.gms:play-services-measurement-api:16.4.0] AndroidManifest.xml:29:13-37
238            <meta-data
238-->[com.google.android.gms:play-services-measurement-api:16.4.0] AndroidManifest.xml:30:13-32:85
239                android:name="com.google.firebase.components:com.google.firebase.analytics.connector.internal.AnalyticsConnectorRegistrar"
239-->[com.google.android.gms:play-services-measurement-api:16.4.0] AndroidManifest.xml:31:17-139
240                android:value="com.google.firebase.components.ComponentRegistrar" />
240-->[com.google.android.gms:play-services-measurement-api:16.4.0] AndroidManifest.xml:32:17-82
241            <meta-data
241-->[com.google.firebase:firebase-iid:17.1.1] AndroidManifest.xml:32:13-34:85
242                android:name="com.google.firebase.components:com.google.firebase.iid.Registrar"
242-->[com.google.firebase:firebase-iid:17.1.1] AndroidManifest.xml:33:17-96
243                android:value="com.google.firebase.components.ComponentRegistrar" />
243-->[com.google.firebase:firebase-iid:17.1.1] AndroidManifest.xml:34:17-82
244        </service>
245
246        <receiver
246-->[com.google.firebase:firebase-iid:17.1.1] AndroidManifest.xml:37:9-44:20
247            android:name="com.google.firebase.iid.FirebaseInstanceIdReceiver"
247-->[com.google.firebase:firebase-iid:17.1.1] AndroidManifest.xml:38:13-78
248            android:exported="true"
248-->[com.google.firebase:firebase-iid:17.1.1] AndroidManifest.xml:39:13-36
249            android:permission="com.google.android.c2dm.permission.SEND" >
249-->[com.google.firebase:firebase-iid:17.1.1] AndroidManifest.xml:40:13-73
250            <intent-filter>
250-->[com.google.firebase:firebase-iid:17.1.1] AndroidManifest.xml:41:13-43:29
251                <action android:name="com.google.android.c2dm.intent.RECEIVE" />
251-->[com.google.firebase:firebase-iid:17.1.1] AndroidManifest.xml:42:17-81
251-->[com.google.firebase:firebase-iid:17.1.1] AndroidManifest.xml:42:25-78
252            </intent-filter>
253        </receiver>
254        <!--
255             FirebaseInstanceIdService performs security checks at runtime,
256             no need for explicit permissions despite exported="true"
257        -->
258        <service
258-->[com.google.firebase:firebase-iid:17.1.1] AndroidManifest.xml:50:9-56:19
259            android:name="com.google.firebase.iid.FirebaseInstanceIdService"
259-->[com.google.firebase:firebase-iid:17.1.1] AndroidManifest.xml:51:13-77
260            android:exported="true" >
260-->[com.google.firebase:firebase-iid:17.1.1] AndroidManifest.xml:52:13-36
261            <intent-filter android:priority="-500" >
261-->[com.google.firebase:firebase-iid:17.1.1] AndroidManifest.xml:53:13-55:29
261-->[com.google.firebase:firebase-iid:17.1.1] AndroidManifest.xml:53:28-51
262                <action android:name="com.google.firebase.INSTANCE_ID_EVENT" />
262-->[com.google.firebase:firebase-iid:17.1.1] AndroidManifest.xml:54:17-80
262-->[com.google.firebase:firebase-iid:17.1.1] AndroidManifest.xml:54:25-77
263            </intent-filter>
264        </service>
265
266        <provider
266-->[com.google.firebase:firebase-common:16.1.0] AndroidManifest.xml:12:9-16:39
267            android:name="com.google.firebase.provider.FirebaseInitProvider"
267-->[com.google.firebase:firebase-common:16.1.0] AndroidManifest.xml:13:13-77
268            android:authorities="com.dzo.HanumanChalisaWithAudioAndAlarm.firebaseinitprovider"
268-->[com.google.firebase:firebase-common:16.1.0] AndroidManifest.xml:14:13-72
269            android:exported="false"
269-->[com.google.firebase:firebase-common:16.1.0] AndroidManifest.xml:15:13-37
270            android:initOrder="100" />
270-->[com.google.firebase:firebase-common:16.1.0] AndroidManifest.xml:16:13-36
271
272        <activity
272-->[com.google.android.gms:play-services-base:16.0.1] AndroidManifest.xml:23:9-26:75
273            android:name="com.google.android.gms.common.api.GoogleApiActivity"
273-->[com.google.android.gms:play-services-base:16.0.1] AndroidManifest.xml:24:13-79
274            android:exported="false"
274-->[com.google.android.gms:play-services-base:16.0.1] AndroidManifest.xml:25:13-37
275            android:theme="@android:style/Theme.Translucent.NoTitleBar" />
275-->[com.google.android.gms:play-services-base:16.0.1] AndroidManifest.xml:26:13-72
276
277        <receiver
277-->[com.google.android.gms:play-services-measurement:16.4.0] AndroidManifest.xml:29:9-33:20
278            android:name="com.google.android.gms.measurement.AppMeasurementReceiver"
278-->[com.google.android.gms:play-services-measurement:16.4.0] AndroidManifest.xml:30:13-85
279            android:enabled="true"
279-->[com.google.android.gms:play-services-measurement:16.4.0] AndroidManifest.xml:31:13-35
280            android:exported="false" >
280-->[com.google.android.gms:play-services-measurement:16.4.0] AndroidManifest.xml:32:13-37
281        </receiver>
282        <receiver
282-->[com.google.android.gms:play-services-measurement:16.4.0] AndroidManifest.xml:34:9-42:20
283            android:name="com.google.android.gms.measurement.AppMeasurementInstallReferrerReceiver"
283-->[com.google.android.gms:play-services-measurement:16.4.0] AndroidManifest.xml:35:13-100
284            android:enabled="true"
284-->[com.google.android.gms:play-services-measurement:16.4.0] AndroidManifest.xml:36:13-35
285            android:exported="true"
285-->[com.google.android.gms:play-services-measurement:16.4.0] AndroidManifest.xml:37:13-36
286            android:permission="android.permission.INSTALL_PACKAGES" >
286-->[com.google.android.gms:play-services-measurement:16.4.0] AndroidManifest.xml:38:13-69
287            <intent-filter>
287-->[com.google.android.gms:play-services-measurement:16.4.0] AndroidManifest.xml:39:13-41:29
288                <action android:name="com.android.vending.INSTALL_REFERRER" />
288-->[com.google.android.gms:play-services-measurement:16.4.0] AndroidManifest.xml:40:17-79
288-->[com.google.android.gms:play-services-measurement:16.4.0] AndroidManifest.xml:40:25-76
289            </intent-filter>
290        </receiver>
291
292        <service
292-->[com.google.android.gms:play-services-measurement:16.4.0] AndroidManifest.xml:44:9-47:40
293            android:name="com.google.android.gms.measurement.AppMeasurementService"
293-->[com.google.android.gms:play-services-measurement:16.4.0] AndroidManifest.xml:45:13-84
294            android:enabled="true"
294-->[com.google.android.gms:play-services-measurement:16.4.0] AndroidManifest.xml:46:13-35
295            android:exported="false" />
295-->[com.google.android.gms:play-services-measurement:16.4.0] AndroidManifest.xml:47:13-37
296        <service
296-->[com.google.android.gms:play-services-measurement:16.4.0] AndroidManifest.xml:48:9-52:72
297            android:name="com.google.android.gms.measurement.AppMeasurementJobService"
297-->[com.google.android.gms:play-services-measurement:16.4.0] AndroidManifest.xml:49:13-87
298            android:enabled="true"
298-->[com.google.android.gms:play-services-measurement:16.4.0] AndroidManifest.xml:50:13-35
299            android:exported="false"
299-->[com.google.android.gms:play-services-measurement:16.4.0] AndroidManifest.xml:51:13-37
300            android:permission="android.permission.BIND_JOB_SERVICE" />
300-->[com.google.android.gms:play-services-measurement:16.4.0] AndroidManifest.xml:52:13-69
301
302        <meta-data
302-->[com.google.android.gms:play-services-basement:16.2.0] AndroidManifest.xml:23:9-25:69
303            android:name="com.google.android.gms.version"
303-->[com.google.android.gms:play-services-basement:16.2.0] AndroidManifest.xml:24:13-58
304            android:value="@integer/google_play_services_version" />
304-->[com.google.android.gms:play-services-basement:16.2.0] AndroidManifest.xml:25:13-66
305    </application>
306
307</manifest>